2016-06-06 10:42:33,721 [main] ERROR o.e.m.j.i.JavaElementsAdapterFactory - Can't find artifact for /Users/mumutongxue/Documents/workspace/demo/src/demo/txprnmod.jar
  <default> (...)
  docs (...)
  docs.api.com (...)
  docs.api.resources (...)
  com.tx (...)
  docs.api.com.tx (...)
  docs.api (...)
  com (...)
org.eclipse.core.runtime.CoreException: Search error
	at org.eclipse.m2e.core.internal.index.nexus.NexusIndexManager.identify(NexusIndexManager.java:302) ~[na:na]
	at org.eclipse.m2e.core.internal.index.nexus.NexusIndex.identify(NexusIndex.java:141) ~[na:na]
	at org.eclipse.m2e.core.internal.index.nexus.CompositeIndex.identifyAll(CompositeIndex.java:67) ~[na:na]
	at org.eclipse.m2e.core.internal.index.nexus.CompositeIndex.identify(CompositeIndex.java:59) ~[na:na]
	at org.eclipse.m2e.jdt.internal.BuildPathManager.findArtifactInIndex(BuildPathManager.java:455) ~[na:na]
	at org.eclipse.m2e.jdt.internal.BuildPathManager.findArtifacts(BuildPathManager.java:399) ~[na:na]
	at org.eclipse.m2e.jdt.internal.BuildPathManager.findArtifact(BuildPathManager.java:417) ~[na:na]
	at org.eclipse.m2e.jdt.internal.JavaElementsAdapterFactory.getAdapter(JavaElementsAdapterFactory.java:58) ~[na:na]
	at org.eclipse.core.internal.adapter.AdapterFactoryProxy.getAdapter(AdapterFactoryProxy.java:82) [org.eclipse.equinox.registry_3.5.400.v20140428-1507.jar:na]
	at org.eclipse.core.internal.runtime.AdapterManager.getAdapter(AdapterManager.java:295) [org.eclipse.equinox.common_3.6.200.v20130402-1505.jar:na]
	at org.eclipse.core.runtime.PlatformObject.getAdapter(PlatformObject.java:66) [org.eclipse.equinox.common_3.6.200.v20130402-1505.jar:na]
	at org.eclipse.m2e.core.ui.internal.actions.SelectionUtil.getType(SelectionUtil.java:151) [org.eclipse.m2e.core.ui_1.5.1.20150109-1820.jar:na]
	at org.eclipse.m2e.core.ui.internal.actions.MavenPropertyTester.test(MavenPropertyTester.java:71) [org.eclipse.m2e.core.ui_1.5.1.20150109-1820.jar:na]
	at org.eclipse.core.internal.expressions.Property.test(Property.java:58) [org.eclipse.core.expressions_3.4.600.v20140128-0851.jar:na]
	at org.eclipse.core.internal.expressions.TestExpression.evaluate(TestExpression.java:99) [org.eclipse.core.expressions_3.4.600.v20140128-0851.jar:na]
	at org.eclipse.core.internal.expressions.CompositeExpression.evaluateAnd(CompositeExpression.java:53) [org.eclipse.core.expressions_3.4.600.v20140128-0851.jar:na]
	at org.eclipse.core.internal.expressions.EnablementExpression.evaluate(EnablementExpression.java:53) [org.eclipse.core.expressions_3.4.600.v20140128-0851.jar:na]
	at org.eclipse.ui.internal.ObjectActionContributor$ObjectContribution.isApplicableTo(ObjectActionContributor.java:384) [org.eclipse.ui.workbench_3.106.2.v20150204-1030.jar:na]
	at org.eclipse.ui.internal.ObjectActionContributor.isApplicableTo(ObjectActionContributor.java:251) [org.eclipse.ui.workbench_3.106.2.v20150204-1030.jar:na]
	at org.eclipse.ui.internal.ObjectContributorManager.isApplicableTo(ObjectContributorManager.java:303) [org.eclipse.ui.workbench_3.106.2.v20150204-1030.jar:na]
	at org.eclipse.ui.internal.ObjectActionContributorManager.contributeObjectActions(ObjectActionContributorManager.java:89) [org.eclipse.ui.workbench_3.106.2.v20150204-1030.jar:na]
	at org.eclipse.ui.internal.PopupMenuExtender.addObjectActions(PopupMenuExtender.java:328) [org.eclipse.ui.workbench_3.106.2.v20150204-1030.jar:na]
	at org.eclipse.ui.internal.PopupMenuExtender.menuAboutToShow(PopupMenuExtender.java:405) [org.eclipse.ui.workbench_3.106.2.v20150204-1030.jar:na]
	at org.eclipse.jface.action.MenuManager.fireAboutToShow(MenuManager.java:352) [org.eclipse.jface_3.10.2.v20141021-1035.jar:na]
	at org.eclipse.jface.action.MenuManager.handleAboutToShow(MenuManager.java:492) [org.eclipse.jface_3.10.2.v20141021-1035.jar:na]
	at org.eclipse.jface.action.MenuManager.access$1(MenuManager.java:487) [org.eclipse.jface_3.10.2.v20141021-1035.jar:na]
	at org.eclipse.jface.action.MenuManager$2.menuShown(MenuManager.java:519) [org.eclipse.jface_3.10.2.v20141021-1035.jar:na]
	at org.eclipse.swt.widgets.TypedListener.handleEvent(TypedListener.java:255) [org.eclipse.swt.cocoa.macosx.x86_64_3.103.2.v20150203-1351.jar:na]
	at org.eclipse.swt.widgets.EventTable.sendEvent(EventTable.java:84) [org.eclipse.swt.cocoa.macosx.x86_64_3.103.2.v20150203-1351.jar:na]
	at org.eclipse.swt.widgets.Display.sendEvent(Display.java:4199) [org.eclipse.swt.cocoa.macosx.x86_64_3.103.2.v20150203-1351.jar:na]
	at org.eclipse.swt.widgets.Widget.sendEvent(Widget.java:1467) [org.eclipse.swt.cocoa.macosx.x86_64_3.103.2.v20150203-1351.jar:na]
	at org.eclipse.swt.widgets.Widget.sendEvent(Widget.java:1490) [org.eclipse.swt.cocoa.macosx.x86_64_3.103.2.v20150203-1351.jar:na]
	at org.eclipse.swt.widgets.Widget.sendEvent(Widget.java:1471) [org.eclipse.swt.cocoa.macosx.x86_64_3.103.2.v20150203-1351.jar:na]
	at org.eclipse.swt.widgets.Menu.menuWillOpen(Menu.java:806) [org.eclipse.swt.cocoa.macosx.x86_64_3.103.2.v20150203-1351.jar:na]
	at org.eclipse.swt.widgets.Display.windowProc(Display.java:5692) [org.eclipse.swt.cocoa.macosx.x86_64_3.103.2.v20150203-1351.jar:na]
	at org.eclipse.swt.internal.cocoa.OS.objc_msgSend(Native Method) [org.eclipse.swt.cocoa.macosx.x86_64_3.103.2.v20150203-1351.jar:na]
	at org.eclipse.swt.internal.cocoa.NSMenu.popUpContextMenu(NSMenu.java:77) [org.eclipse.swt.cocoa.macosx.x86_64_3.103.2.v20150203-1351.jar:na]
	at org.eclipse.swt.widgets.Menu._setVisible(Menu.java:278) [org.eclipse.swt.cocoa.macosx.x86_64_3.103.2.v20150203-1351.jar:na]
	at org.eclipse.swt.widgets.Display.runPopups(Display.java:4119) [org.eclipse.swt.cocoa.macosx.x86_64_3.103.2.v20150203-1351.jar:na]
	at org.eclipse.swt.widgets.Display.readAndDispatch(Display.java:3662) [org.eclipse.swt.cocoa.macosx.x86_64_3.103.2.v20150203-1351.jar:na]
	at org.eclipse.e4.ui.internal.workbench.swt.PartRenderingEngine$9.run(PartRenderingEngine.java:1151) [org.eclipse.e4.ui.workbench.swt_0.12.100.v20141126-1150.jar:na]
	at org.eclipse.core.databinding.observable.Realm.runWithDefault(Realm.java:332) [org.eclipse.core.databinding.observable_1.4.1.v20140210-1835.jar:na]
	at org.eclipse.e4.ui.internal.workbench.swt.PartRenderingEngine.run(PartRenderingEngine.java:1032) [org.eclipse.e4.ui.workbench.swt_0.12.100.v20141126-1150.jar:na]
	at org.eclipse.e4.ui.internal.workbench.E4Workbench.createAndRunUI(E4Workbench.java:148) [org.eclipse.e4.ui.workbench_1.2.2.v20141212-1259.jar:na]
	at org.eclipse.ui.internal.Workbench$5.run(Workbench.java:636) [org.eclipse.ui.workbench_3.106.2.v20150204-1030.jar:na]
	at org.eclipse.core.databinding.observable.Realm.runWithDefault(Realm.java:332) [org.eclipse.core.databinding.observable_1.4.1.v20140210-1835.jar:na]
	at org.eclipse.ui.internal.Workbench.createAndRunWorkbench(Workbench.java:579) [org.eclipse.ui.workbench_3.106.2.v20150204-1030.jar:na]
	at org.eclipse.ui.PlatformUI.createAndRunWorkbench(PlatformUI.java:150) [org.eclipse.ui.workbench_3.106.2.v20150204-1030.jar:na]
	at org.eclipse.ui.internal.ide.application.IDEApplication.start(IDEApplication.java:135) [org.eclipse.ui.ide.application_1.0.501.v20141111-1238.jar:na]
	at org.eclipse.equinox.internal.app.EclipseAppHandle.run(EclipseAppHandle.java:196) [org.eclipse.equinox.app_1.3.200.v20130910-1609.jar:na]
	at org.eclipse.core.runtime.internal.adaptor.EclipseAppLauncher.runApplication(EclipseAppLauncher.java:134) [org.eclipse.osgi_3.10.2.v20150203-1939.jar:na]
	at org.eclipse.core.runtime.internal.adaptor.EclipseAppLauncher.start(EclipseAppLauncher.java:104) [org.eclipse.osgi_3.10.2.v20150203-1939.jar:na]
	at org.eclipse.core.runtime.adaptor.EclipseStarter.run(EclipseStarter.java:380) [org.eclipse.osgi_3.10.2.v20150203-1939.jar:na]
	at org.eclipse.core.runtime.adaptor.EclipseStarter.run(EclipseStarter.java:235) [org.eclipse.osgi_3.10.2.v20150203-1939.jar:na]
	at sun.reflect.NativeMethodAccessorImpl.invoke0(Native Method) ~[na:1.7.0_79]
	at sun.reflect.NativeMethodAccessorImpl.invoke(NativeMethodAccessorImpl.java:57) ~[na:1.7.0_79]
	at sun.reflect.DelegatingMethodAccessorImpl.invoke(DelegatingMethodAccessorImpl.java:43) ~[na:1.7.0_79]
	at java.lang.reflect.Method.invoke(Method.java:606) ~[na:1.7.0_79]
	at org.eclipse.equinox.launcher.Main.invokeFramework(Main.java:648) [org.eclipse.equinox.launcher_1.3.0.v20140415-2008.jar:na]
	at org.eclipse.equinox.launcher.Main.basicRun(Main.java:603) [org.eclipse.equinox.launcher_1.3.0.v20140415-2008.jar:na]
	at org.eclipse.equinox.launcher.Main.run(Main.java:1465) [org.eclipse.equinox.launcher_1.3.0.v20140415-2008.jar:na]
Caused by: java.io.FileNotFoundException: /Users/mumutongxue/Documents/workspace/demo/src/demo/txprnmod.jar (No such file or directory)
	at java.io.FileInputStream.open(Native Method) ~[na:1.7.0_79]
	at java.io.FileInputStream.<init>(FileInputStream.java:146) ~[na:1.7.0_79]
	at org.eclipse.m2e.core.internal.index.nexus.NexusIndexManager.identify(NexusIndexManager.java:1265) ~[na:na]
	at org.eclipse.m2e.core.internal.index.nexus.NexusIndexManager.identify(NexusIndexManager.java:299) ~[na:na]
	... 60 common frames omitted
2016-06-06 10:42:33,729 [main] ERROR o.e.m.j.i.JavaElementsAdapterFactory - Can't find artifact for /Users/mumutongxue/Documents/workspace/demo/src/demo/txprnmod.jar
  <default> (...)
  docs (...)
  docs.api.com (...)
  docs.api.resources (...)
  com.tx (...)
  docs.api.com.tx (...)
  docs.api (...)
  com (...)
org.eclipse.core.runtime.CoreException: Search error
	at org.eclipse.m2e.core.internal.index.nexus.NexusIndexManager.identify(NexusIndexManager.java:302) ~[na:na]
	at org.eclipse.m2e.core.internal.index.nexus.NexusIndex.identify(NexusIndex.java:141) ~[na:na]
	at org.eclipse.m2e.core.internal.index.nexus.CompositeIndex.identifyAll(CompositeIndex.java:67) ~[na:na]
	at org.eclipse.m2e.core.internal.index.nexus.CompositeIndex.identify(CompositeIndex.java:59) ~[na:na]
	at org.eclipse.m2e.jdt.internal.BuildPathManager.findArtifactInIndex(BuildPathManager.java:455) ~[na:na]
	at org.eclipse.m2e.jdt.internal.BuildPathManager.findArtifacts(BuildPathManager.java:399) ~[na:na]
	at org.eclipse.m2e.jdt.internal.BuildPathManager.findArtifact(BuildPathManager.java:417) ~[na:na]
	at org.eclipse.m2e.jdt.internal.JavaElementsAdapterFactory.getAdapter(JavaElementsAdapterFactory.java:58) ~[na:na]
	at org.eclipse.core.internal.adapter.AdapterFactoryProxy.getAdapter(AdapterFactoryProxy.java:82) [org.eclipse.equinox.registry_3.5.400.v20140428-1507.jar:na]
	at org.eclipse.core.internal.runtime.AdapterManager.getAdapter(AdapterManager.java:295) [org.eclipse.equinox.common_3.6.200.v20130402-1505.jar:na]
	at org.eclipse.m2e.core.ui.internal.actions.SelectionUtil.getType(SelectionUtil.java:156) [org.eclipse.m2e.core.ui_1.5.1.20150109-1820.jar:na]
	at org.eclipse.m2e.core.ui.internal.actions.MavenPropertyTester.test(MavenPropertyTester.java:71) [org.eclipse.m2e.core.ui_1.5.1.20150109-1820.jar:na]
	at org.eclipse.core.internal.expressions.Property.test(Property.java:58) [org.eclipse.core.expressions_3.4.600.v20140128-0851.jar:na]
	at org.eclipse.core.internal.expressions.TestExpression.evaluate(TestExpression.java:99) [org.eclipse.core.expressions_3.4.600.v20140128-0851.jar:na]
	at org.eclipse.core.internal.expressions.CompositeExpression.evaluateAnd(CompositeExpression.java:53) [org.eclipse.core.expressions_3.4.600.v20140128-0851.jar:na]
	at org.eclipse.core.internal.expressions.EnablementExpression.evaluate(EnablementExpression.java:53) [org.eclipse.core.expressions_3.4.600.v20140128-0851.jar:na]
	at org.eclipse.ui.internal.ObjectActionContributor$ObjectContribution.isApplicableTo(ObjectActionContributor.java:384) [org.eclipse.ui.workbench_3.106.2.v20150204-1030.jar:na]
	at org.eclipse.ui.internal.ObjectActionContributor.isApplicableTo(ObjectActionContributor.java:251) [org.eclipse.ui.workbench_3.106.2.v20150204-1030.jar:na]
	at org.eclipse.ui.internal.ObjectContributorManager.isApplicableTo(ObjectContributorManager.java:303) [org.eclipse.ui.workbench_3.106.2.v20150204-1030.jar:na]
	at org.eclipse.ui.internal.ObjectActionContributorManager.contributeObjectActions(ObjectActionContributorManager.java:89) [org.eclipse.ui.workbench_3.106.2.v20150204-1030.jar:na]
	at org.eclipse.ui.internal.PopupMenuExtender.addObjectActions(PopupMenuExtender.java:328) [org.eclipse.ui.workbench_3.106.2.v20150204-1030.jar:na]
	at org.eclipse.ui.internal.PopupMenuExtender.menuAboutToShow(PopupMenuExtender.java:405) [org.eclipse.ui.workbench_3.106.2.v20150204-1030.jar:na]
	at org.eclipse.jface.action.MenuManager.fireAboutToShow(MenuManager.java:352) [org.eclipse.jface_3.10.2.v20141021-1035.jar:na]
	at org.eclipse.jface.action.MenuManager.handleAboutToShow(MenuManager.java:492) [org.eclipse.jface_3.10.2.v20141021-1035.jar:na]
	at org.eclipse.jface.action.MenuManager.access$1(MenuManager.java:487) [org.eclipse.jface_3.10.2.v20141021-1035.jar:na]
	at org.eclipse.jface.action.MenuManager$2.menuShown(MenuManager.java:519) [org.eclipse.jface_3.10.2.v20141021-1035.jar:na]
	at org.eclipse.swt.widgets.TypedListener.handleEvent(TypedListener.java:255) [org.eclipse.swt.cocoa.macosx.x86_64_3.103.2.v20150203-1351.jar:na]
	at org.eclipse.swt.widgets.EventTable.sendEvent(EventTable.java:84) [org.eclipse.swt.cocoa.macosx.x86_64_3.103.2.v20150203-1351.jar:na]
	at org.eclipse.swt.widgets.Display.sendEvent(Display.java:4199) [org.eclipse.swt.cocoa.macosx.x86_64_3.103.2.v20150203-1351.jar:na]
	at org.eclipse.swt.widgets.Widget.sendEvent(Widget.java:1467) [org.eclipse.swt.cocoa.macosx.x86_64_3.103.2.v20150203-1351.jar:na]
	at org.eclipse.swt.widgets.Widget.sendEvent(Widget.java:1490) [org.eclipse.swt.cocoa.macosx.x86_64_3.103.2.v20150203-1351.jar:na]
	at org.eclipse.swt.widgets.Widget.sendEvent(Widget.java:1471) [org.eclipse.swt.cocoa.macosx.x86_64_3.103.2.v20150203-1351.jar:na]
	at org.eclipse.swt.widgets.Menu.menuWillOpen(Menu.java:806) [org.eclipse.swt.cocoa.macosx.x86_64_3.103.2.v20150203-1351.jar:na]
	at org.eclipse.swt.widgets.Display.windowProc(Display.java:5692) [org.eclipse.swt.cocoa.macosx.x86_64_3.103.2.v20150203-1351.jar:na]
	at org.eclipse.swt.internal.cocoa.OS.objc_msgSend(Native Method) [org.eclipse.swt.cocoa.macosx.x86_64_3.103.2.v20150203-1351.jar:na]
	at org.eclipse.swt.internal.cocoa.NSMenu.popUpContextMenu(NSMenu.java:77) [org.eclipse.swt.cocoa.macosx.x86_64_3.103.2.v20150203-1351.jar:na]
	at org.eclipse.swt.widgets.Menu._setVisible(Menu.java:278) [org.eclipse.swt.cocoa.macosx.x86_64_3.103.2.v20150203-1351.jar:na]
	at org.eclipse.swt.widgets.Display.runPopups(Display.java:4119) [org.eclipse.swt.cocoa.macosx.x86_64_3.103.2.v20150203-1351.jar:na]
	at org.eclipse.swt.widgets.Display.readAndDispatch(Display.java:3662) [org.eclipse.swt.cocoa.macosx.x86_64_3.103.2.v20150203-1351.jar:na]
	at org.eclipse.e4.ui.internal.workbench.swt.PartRenderingEngine$9.run(PartRenderingEngine.java:1151) [org.eclipse.e4.ui.workbench.swt_0.12.100.v20141126-1150.jar:na]
	at org.eclipse.core.databinding.observable.Realm.runWithDefault(Realm.java:332) [org.eclipse.core.databinding.observable_1.4.1.v20140210-1835.jar:na]
	at org.eclipse.e4.ui.internal.workbench.swt.PartRenderingEngine.run(PartRenderingEngine.java:1032) [org.eclipse.e4.ui.workbench.swt_0.12.100.v20141126-1150.jar:na]
	at org.eclipse.e4.ui.internal.workbench.E4Workbench.createAndRunUI(E4Workbench.java:148) [org.eclipse.e4.ui.workbench_1.2.2.v20141212-1259.jar:na]
	at org.eclipse.ui.internal.Workbench$5.run(Workbench.java:636) [org.eclipse.ui.workbench_3.106.2.v20150204-1030.jar:na]
	at org.eclipse.core.databinding.observable.Realm.runWithDefault(Realm.java:332) [org.eclipse.core.databinding.observable_1.4.1.v20140210-1835.jar:na]
	at org.eclipse.ui.internal.Workbench.createAndRunWorkbench(Workbench.java:579) [org.eclipse.ui.workbench_3.106.2.v20150204-1030.jar:na]
	at org.eclipse.ui.PlatformUI.createAndRunWorkbench(PlatformUI.java:150) [org.eclipse.ui.workbench_3.106.2.v20150204-1030.jar:na]
	at org.eclipse.ui.internal.ide.application.IDEApplication.start(IDEApplication.java:135) [org.eclipse.ui.ide.application_1.0.501.v20141111-1238.jar:na]
	at org.eclipse.equinox.internal.app.EclipseAppHandle.run(EclipseAppHandle.java:196) [org.eclipse.equinox.app_1.3.200.v20130910-1609.jar:na]
	at org.eclipse.core.runtime.internal.adaptor.EclipseAppLauncher.runApplication(EclipseAppLauncher.java:134) [org.eclipse.osgi_3.10.2.v20150203-1939.jar:na]
	at org.eclipse.core.runtime.internal.adaptor.EclipseAppLauncher.start(EclipseAppLauncher.java:104) [org.eclipse.osgi_3.10.2.v20150203-1939.jar:na]
	at org.eclipse.core.runtime.adaptor.EclipseStarter.run(EclipseStarter.java:380) [org.eclipse.osgi_3.10.2.v20150203-1939.jar:na]
	at org.eclipse.core.runtime.adaptor.EclipseStarter.run(EclipseStarter.java:235) [org.eclipse.osgi_3.10.2.v20150203-1939.jar:na]
	at sun.reflect.NativeMethodAccessorImpl.invoke0(Native Method) ~[na:1.7.0_79]
	at sun.reflect.NativeMethodAccessorImpl.invoke(NativeMethodAccessorImpl.java:57) ~[na:1.7.0_79]
	at sun.reflect.DelegatingMethodAccessorImpl.invoke(DelegatingMethodAccessorImpl.java:43) ~[na:1.7.0_79]
	at java.lang.reflect.Method.invoke(Method.java:606) ~[na:1.7.0_79]
	at org.eclipse.equinox.launcher.Main.invokeFramework(Main.java:648) [org.eclipse.equinox.launcher_1.3.0.v20140415-2008.jar:na]
	at org.eclipse.equinox.launcher.Main.basicRun(Main.java:603) [org.eclipse.equinox.launcher_1.3.0.v20140415-2008.jar:na]
	at org.eclipse.equinox.launcher.Main.run(Main.java:1465) [org.eclipse.equinox.launcher_1.3.0.v20140415-2008.jar:na]
Caused by: java.io.FileNotFoundException: /Users/mumutongxue/Documents/workspace/demo/src/demo/txprnmod.jar (No such file or directory)
	at java.io.FileInputStream.open(Native Method) ~[na:1.7.0_79]
	at java.io.FileInputStream.<init>(FileInputStream.java:146) ~[na:1.7.0_79]
	at org.eclipse.m2e.core.internal.index.nexus.NexusIndexManager.identify(NexusIndexManager.java:1265) ~[na:na]
	at org.eclipse.m2e.core.internal.index.nexus.NexusIndexManager.identify(NexusIndexManager.java:299) ~[na:na]
	... 59 common frames omitted
2016-06-06 10:42:33,733 [main] ERROR o.e.m.j.i.JavaElementsAdapterFactory - Can't find artifact for /Users/mumutongxue/Documents/workspace/demo/src/demo/txprnmod.jar
  <default> (...)
  docs (...)
  docs.api.com (...)
  docs.api.resources (...)
  com.tx (...)
  docs.api.com.tx (...)
  docs.api (...)
  com (...)
org.eclipse.core.runtime.CoreException: Search error
	at org.eclipse.m2e.core.internal.index.nexus.NexusIndexManager.identify(NexusIndexManager.java:302) ~[na:na]
	at org.eclipse.m2e.core.internal.index.nexus.NexusIndex.identify(NexusIndex.java:141) ~[na:na]
	at org.eclipse.m2e.core.internal.index.nexus.CompositeIndex.identifyAll(CompositeIndex.java:67) ~[na:na]
	at org.eclipse.m2e.core.internal.index.nexus.CompositeIndex.identify(CompositeIndex.java:59) ~[na:na]
	at org.eclipse.m2e.jdt.internal.BuildPathManager.findArtifactInIndex(BuildPathManager.java:455) ~[na:na]
	at org.eclipse.m2e.jdt.internal.BuildPathManager.findArtifacts(BuildPathManager.java:399) ~[na:na]
	at org.eclipse.m2e.jdt.internal.BuildPathManager.findArtifact(BuildPathManager.java:417) ~[na:na]
	at org.eclipse.m2e.jdt.internal.JavaElementsAdapterFactory.getAdapter(JavaElementsAdapterFactory.java:58) ~[na:na]
	at org.eclipse.core.internal.adapter.AdapterFactoryProxy.getAdapter(AdapterFactoryProxy.java:82) [org.eclipse.equinox.registry_3.5.400.v20140428-1507.jar:na]
	at org.eclipse.core.internal.runtime.AdapterManager.getAdapter(AdapterManager.java:295) [org.eclipse.equinox.common_3.6.200.v20130402-1505.jar:na]
	at org.eclipse.core.runtime.PlatformObject.getAdapter(PlatformObject.java:66) [org.eclipse.equinox.common_3.6.200.v20130402-1505.jar:na]
	at org.eclipse.m2e.core.ui.internal.actions.SelectionUtil.getType(SelectionUtil.java:151) [org.eclipse.m2e.core.ui_1.5.1.20150109-1820.jar:na]
	at org.eclipse.m2e.core.ui.internal.actions.MavenPropertyTester.test(MavenPropertyTester.java:71) [org.eclipse.m2e.core.ui_1.5.1.20150109-1820.jar:na]
	at org.eclipse.core.internal.expressions.Property.test(Property.java:58) [org.eclipse.core.expressions_3.4.600.v20140128-0851.jar:na]
	at org.eclipse.core.internal.expressions.TestExpression.evaluate(TestExpression.java:99) [org.eclipse.core.expressions_3.4.600.v20140128-0851.jar:na]
	at org.eclipse.core.internal.expressions.CompositeExpression.evaluateAnd(CompositeExpression.java:53) [org.eclipse.core.expressions_3.4.600.v20140128-0851.jar:na]
	at org.eclipse.core.internal.expressions.EnablementExpression.evaluate(EnablementExpression.java:53) [org.eclipse.core.expressions_3.4.600.v20140128-0851.jar:na]
	at org.eclipse.ui.internal.ObjectActionContributor$ObjectContribution.isApplicableTo(ObjectActionContributor.java:384) [org.eclipse.ui.workbench_3.106.2.v20150204-1030.jar:na]
	at org.eclipse.ui.internal.ObjectActionContributor.isApplicableTo(ObjectActionContributor.java:251) [org.eclipse.ui.workbench_3.106.2.v20150204-1030.jar:na]
	at org.eclipse.ui.internal.ObjectContributorManager.isApplicableTo(ObjectContributorManager.java:303) [org.eclipse.ui.workbench_3.106.2.v20150204-1030.jar:na]
	at org.eclipse.ui.internal.ObjectActionContributorManager.contributeObjectActions(ObjectActionContributorManager.java:89) [org.eclipse.ui.workbench_3.106.2.v20150204-1030.jar:na]
	at org.eclipse.ui.internal.PopupMenuExtender.addObjectActions(PopupMenuExtender.java:328) [org.eclipse.ui.workbench_3.106.2.v20150204-1030.jar:na]
	at org.eclipse.ui.internal.PopupMenuExtender.menuAboutToShow(PopupMenuExtender.java:405) [org.eclipse.ui.workbench_3.106.2.v20150204-1030.jar:na]
	at org.eclipse.jface.action.MenuManager.fireAboutToShow(MenuManager.java:352) [org.eclipse.jface_3.10.2.v20141021-1035.jar:na]
	at org.eclipse.jface.action.MenuManager.handleAboutToShow(MenuManager.java:492) [org.eclipse.jface_3.10.2.v20141021-1035.jar:na]
	at org.eclipse.jface.action.MenuManager.access$1(MenuManager.java:487) [org.eclipse.jface_3.10.2.v20141021-1035.jar:na]
	at org.eclipse.jface.action.MenuManager$2.menuShown(MenuManager.java:519) [org.eclipse.jface_3.10.2.v20141021-1035.jar:na]
	at org.eclipse.swt.widgets.TypedListener.handleEvent(TypedListener.java:255) [org.eclipse.swt.cocoa.macosx.x86_64_3.103.2.v20150203-1351.jar:na]
	at org.eclipse.swt.widgets.EventTable.sendEvent(EventTable.java:84) [org.eclipse.swt.cocoa.macosx.x86_64_3.103.2.v20150203-1351.jar:na]
	at org.eclipse.swt.widgets.Display.sendEvent(Display.java:4199) [org.eclipse.swt.cocoa.macosx.x86_64_3.103.2.v20150203-1351.jar:na]
	at org.eclipse.swt.widgets.Widget.sendEvent(Widget.java:1467) [org.eclipse.swt.cocoa.macosx.x86_64_3.103.2.v20150203-1351.jar:na]
	at org.eclipse.swt.widgets.Widget.sendEvent(Widget.java:1490) [org.eclipse.swt.cocoa.macosx.x86_64_3.103.2.v20150203-1351.jar:na]
	at org.eclipse.swt.widgets.Widget.sendEvent(Widget.java:1471) [org.eclipse.swt.cocoa.macosx.x86_64_3.103.2.v20150203-1351.jar:na]
	at org.eclipse.swt.widgets.Menu.menuWillOpen(Menu.java:806) [org.eclipse.swt.cocoa.macosx.x86_64_3.103.2.v20150203-1351.jar:na]
	at org.eclipse.swt.widgets.Display.windowProc(Display.java:5692) [org.eclipse.swt.cocoa.macosx.x86_64_3.103.2.v20150203-1351.jar:na]
	at org.eclipse.swt.internal.cocoa.OS.objc_msgSend(Native Method) [org.eclipse.swt.cocoa.macosx.x86_64_3.103.2.v20150203-1351.jar:na]
	at org.eclipse.swt.internal.cocoa.NSMenu.popUpContextMenu(NSMenu.java:77) [org.eclipse.swt.cocoa.macosx.x86_64_3.103.2.v20150203-1351.jar:na]
	at org.eclipse.swt.widgets.Menu._setVisible(Menu.java:278) [org.eclipse.swt.cocoa.macosx.x86_64_3.103.2.v20150203-1351.jar:na]
	at org.eclipse.swt.widgets.Display.runPopups(Display.java:4119) [org.eclipse.swt.cocoa.macosx.x86_64_3.103.2.v20150203-1351.jar:na]
	at org.eclipse.swt.widgets.Display.readAndDispatch(Display.java:3662) [org.eclipse.swt.cocoa.macosx.x86_64_3.103.2.v20150203-1351.jar:na]
	at org.eclipse.e4.ui.internal.workbench.swt.PartRenderingEngine$9.run(PartRenderingEngine.java:1151) [org.eclipse.e4.ui.workbench.swt_0.12.100.v20141126-1150.jar:na]
	at org.eclipse.core.databinding.observable.Realm.runWithDefault(Realm.java:332) [org.eclipse.core.databinding.observable_1.4.1.v20140210-1835.jar:na]
	at org.eclipse.e4.ui.internal.workbench.swt.PartRenderingEngine.run(PartRenderingEngine.java:1032) [org.eclipse.e4.ui.workbench.swt_0.12.100.v20141126-1150.jar:na]
	at org.eclipse.e4.ui.internal.workbench.E4Workbench.createAndRunUI(E4Workbench.java:148) [org.eclipse.e4.ui.workbench_1.2.2.v20141212-1259.jar:na]
	at org.eclipse.ui.internal.Workbench$5.run(Workbench.java:636) [org.eclipse.ui.workbench_3.106.2.v20150204-1030.jar:na]
	at org.eclipse.core.databinding.observable.Realm.runWithDefault(Realm.java:332) [org.eclipse.core.databinding.observable_1.4.1.v20140210-1835.jar:na]
	at org.eclipse.ui.internal.Workbench.createAndRunWorkbench(Workbench.java:579) [org.eclipse.ui.workbench_3.106.2.v20150204-1030.jar:na]
	at org.eclipse.ui.PlatformUI.createAndRunWorkbench(PlatformUI.java:150) [org.eclipse.ui.workbench_3.106.2.v20150204-1030.jar:na]
	at org.eclipse.ui.internal.ide.application.IDEApplication.start(IDEApplication.java:135) [org.eclipse.ui.ide.application_1.0.501.v20141111-1238.jar:na]
	at org.eclipse.equinox.internal.app.EclipseAppHandle.run(EclipseAppHandle.java:196) [org.eclipse.equinox.app_1.3.200.v20130910-1609.jar:na]
	at org.eclipse.core.runtime.internal.adaptor.EclipseAppLauncher.runApplication(EclipseAppLauncher.java:134) [org.eclipse.osgi_3.10.2.v20150203-1939.jar:na]
	at org.eclipse.core.runtime.internal.adaptor.EclipseAppLauncher.start(EclipseAppLauncher.java:104) [org.eclipse.osgi_3.10.2.v20150203-1939.jar:na]
	at org.eclipse.core.runtime.adaptor.EclipseStarter.run(EclipseStarter.java:380) [org.eclipse.osgi_3.10.2.v20150203-1939.jar:na]
	at org.eclipse.core.runtime.adaptor.EclipseStarter.run(EclipseStarter.java:235) [org.eclipse.osgi_3.10.2.v20150203-1939.jar:na]
	at sun.reflect.NativeMethodAccessorImpl.invoke0(Native Method) ~[na:1.7.0_79]
	at sun.reflect.NativeMethodAccessorImpl.invoke(NativeMethodAccessorImpl.java:57) ~[na:1.7.0_79]
	at sun.reflect.DelegatingMethodAccessorImpl.invoke(DelegatingMethodAccessorImpl.java:43) ~[na:1.7.0_79]
	at java.lang.reflect.Method.invoke(Method.java:606) ~[na:1.7.0_79]
	at org.eclipse.equinox.launcher.Main.invokeFramework(Main.java:648) [org.eclipse.equinox.launcher_1.3.0.v20140415-2008.jar:na]
	at org.eclipse.equinox.launcher.Main.basicRun(Main.java:603) [org.eclipse.equinox.launcher_1.3.0.v20140415-2008.jar:na]
	at org.eclipse.equinox.launcher.Main.run(Main.java:1465) [org.eclipse.equinox.launcher_1.3.0.v20140415-2008.jar:na]
Caused by: java.io.FileNotFoundException: /Users/mumutongxue/Documents/workspace/demo/src/demo/txprnmod.jar (No such file or directory)
	at java.io.FileInputStream.open(Native Method) ~[na:1.7.0_79]
	at java.io.FileInputStream.<init>(FileInputStream.java:146) ~[na:1.7.0_79]
	at org.eclipse.m2e.core.internal.index.nexus.NexusIndexManager.identify(NexusIndexManager.java:1265) ~[na:na]
	at org.eclipse.m2e.core.internal.index.nexus.NexusIndexManager.identify(NexusIndexManager.java:299) ~[na:na]
	... 60 common frames omitted
2016-06-06 10:42:33,737 [main] ERROR o.e.m.j.i.JavaElementsAdapterFactory - Can't find artifact for /Users/mumutongxue/Documents/workspace/demo/src/demo/txprnmod.jar
  <default> (...)
  docs (...)
  docs.api.com (...)
  docs.api.resources (...)
  com.tx (...)
  docs.api.com.tx (...)
  docs.api (...)
  com (...)
org.eclipse.core.runtime.CoreException: Search error
	at org.eclipse.m2e.core.internal.index.nexus.NexusIndexManager.identify(NexusIndexManager.java:302) ~[na:na]
	at org.eclipse.m2e.core.internal.index.nexus.NexusIndex.identify(NexusIndex.java:141) ~[na:na]
	at org.eclipse.m2e.core.internal.index.nexus.CompositeIndex.identifyAll(CompositeIndex.java:67) ~[na:na]
	at org.eclipse.m2e.core.internal.index.nexus.CompositeIndex.identify(CompositeIndex.java:59) ~[na:na]
	at org.eclipse.m2e.jdt.internal.BuildPathManager.findArtifactInIndex(BuildPathManager.java:455) ~[na:na]
	at org.eclipse.m2e.jdt.internal.BuildPathManager.findArtifacts(BuildPathManager.java:399) ~[na:na]
	at org.eclipse.m2e.jdt.internal.BuildPathManager.findArtifact(BuildPathManager.java:417) ~[na:na]
	at org.eclipse.m2e.jdt.internal.JavaElementsAdapterFactory.getAdapter(JavaElementsAdapterFactory.java:58) ~[na:na]
	at org.eclipse.core.internal.adapter.AdapterFactoryProxy.getAdapter(AdapterFactoryProxy.java:82) [org.eclipse.equinox.registry_3.5.400.v20140428-1507.jar:na]
	at org.eclipse.core.internal.runtime.AdapterManager.getAdapter(AdapterManager.java:295) [org.eclipse.equinox.common_3.6.200.v20130402-1505.jar:na]
	at org.eclipse.m2e.core.ui.internal.actions.SelectionUtil.getType(SelectionUtil.java:156) [org.eclipse.m2e.core.ui_1.5.1.20150109-1820.jar:na]
	at org.eclipse.m2e.core.ui.internal.actions.MavenPropertyTester.test(MavenPropertyTester.java:71) [org.eclipse.m2e.core.ui_1.5.1.20150109-1820.jar:na]
	at org.eclipse.core.internal.expressions.Property.test(Property.java:58) [org.eclipse.core.expressions_3.4.600.v20140128-0851.jar:na]
	at org.eclipse.core.internal.expressions.TestExpression.evaluate(TestExpression.java:99) [org.eclipse.core.expressions_3.4.600.v20140128-0851.jar:na]
	at org.eclipse.core.internal.expressions.CompositeExpression.evaluateAnd(CompositeExpression.java:53) [org.eclipse.core.expressions_3.4.600.v20140128-0851.jar:na]
	at org.eclipse.core.internal.expressions.EnablementExpression.evaluate(EnablementExpression.java:53) [org.eclipse.core.expressions_3.4.600.v20140128-0851.jar:na]
	at org.eclipse.ui.internal.ObjectActionContributor$ObjectContribution.isApplicableTo(ObjectActionContributor.java:384) [org.eclipse.ui.workbench_3.106.2.v20150204-1030.jar:na]
	at org.eclipse.ui.internal.ObjectActionContributor.isApplicableTo(ObjectActionContributor.java:251) [org.eclipse.ui.workbench_3.106.2.v20150204-1030.jar:na]
	at org.eclipse.ui.internal.ObjectContributorManager.isApplicableTo(ObjectContributorManager.java:303) [org.eclipse.ui.workbench_3.106.2.v20150204-1030.jar:na]
	at org.eclipse.ui.internal.ObjectActionContributorManager.contributeObjectActions(ObjectActionContributorManager.java:89) [org.eclipse.ui.workbench_3.106.2.v20150204-1030.jar:na]
	at org.eclipse.ui.internal.PopupMenuExtender.addObjectActions(PopupMenuExtender.java:328) [org.eclipse.ui.workbench_3.106.2.v20150204-1030.jar:na]
	at org.eclipse.ui.internal.PopupMenuExtender.menuAboutToShow(PopupMenuExtender.java:405) [org.eclipse.ui.workbench_3.106.2.v20150204-1030.jar:na]
	at org.eclipse.jface.action.MenuManager.fireAboutToShow(MenuManager.java:352) [org.eclipse.jface_3.10.2.v20141021-1035.jar:na]
	at org.eclipse.jface.action.MenuManager.handleAboutToShow(MenuManager.java:492) [org.eclipse.jface_3.10.2.v20141021-1035.jar:na]
	at org.eclipse.jface.action.MenuManager.access$1(MenuManager.java:487) [org.eclipse.jface_3.10.2.v20141021-1035.jar:na]
	at org.eclipse.jface.action.MenuManager$2.menuShown(MenuManager.java:519) [org.eclipse.jface_3.10.2.v20141021-1035.jar:na]
	at org.eclipse.swt.widgets.TypedListener.handleEvent(TypedListener.java:255) [org.eclipse.swt.cocoa.macosx.x86_64_3.103.2.v20150203-1351.jar:na]
	at org.eclipse.swt.widgets.EventTable.sendEvent(EventTable.java:84) [org.eclipse.swt.cocoa.macosx.x86_64_3.103.2.v20150203-1351.jar:na]
	at org.eclipse.swt.widgets.Display.sendEvent(Display.java:4199) [org.eclipse.swt.cocoa.macosx.x86_64_3.103.2.v20150203-1351.jar:na]
	at org.eclipse.swt.widgets.Widget.sendEvent(Widget.java:1467) [org.eclipse.swt.cocoa.macosx.x86_64_3.103.2.v20150203-1351.jar:na]
	at org.eclipse.swt.widgets.Widget.sendEvent(Widget.java:1490) [org.eclipse.swt.cocoa.macosx.x86_64_3.103.2.v20150203-1351.jar:na]
	at org.eclipse.swt.widgets.Widget.sendEvent(Widget.java:1471) [org.eclipse.swt.cocoa.macosx.x86_64_3.103.2.v20150203-1351.jar:na]
	at org.eclipse.swt.widgets.Menu.menuWillOpen(Menu.java:806) [org.eclipse.swt.cocoa.macosx.x86_64_3.103.2.v20150203-1351.jar:na]
	at org.eclipse.swt.widgets.Display.windowProc(Display.java:5692) [org.eclipse.swt.cocoa.macosx.x86_64_3.103.2.v20150203-1351.jar:na]
	at org.eclipse.swt.internal.cocoa.OS.objc_msgSend(Native Method) [org.eclipse.swt.cocoa.macosx.x86_64_3.103.2.v20150203-1351.jar:na]
	at org.eclipse.swt.internal.cocoa.NSMenu.popUpContextMenu(NSMenu.java:77) [org.eclipse.swt.cocoa.macosx.x86_64_3.103.2.v20150203-1351.jar:na]
	at org.eclipse.swt.widgets.Menu._setVisible(Menu.java:278) [org.eclipse.swt.cocoa.macosx.x86_64_3.103.2.v20150203-1351.jar:na]
	at org.eclipse.swt.widgets.Display.runPopups(Display.java:4119) [org.eclipse.swt.cocoa.macosx.x86_64_3.103.2.v20150203-1351.jar:na]
	at org.eclipse.swt.widgets.Display.readAndDispatch(Display.java:3662) [org.eclipse.swt.cocoa.macosx.x86_64_3.103.2.v20150203-1351.jar:na]
	at org.eclipse.e4.ui.internal.workbench.swt.PartRenderingEngine$9.run(PartRenderingEngine.java:1151) [org.eclipse.e4.ui.workbench.swt_0.12.100.v20141126-1150.jar:na]
	at org.eclipse.core.databinding.observable.Realm.runWithDefault(Realm.java:332) [org.eclipse.core.databinding.observable_1.4.1.v20140210-1835.jar:na]
	at org.eclipse.e4.ui.internal.workbench.swt.PartRenderingEngine.run(PartRenderingEngine.java:1032) [org.eclipse.e4.ui.workbench.swt_0.12.100.v20141126-1150.jar:na]
	at org.eclipse.e4.ui.internal.workbench.E4Workbench.createAndRunUI(E4Workbench.java:148) [org.eclipse.e4.ui.workbench_1.2.2.v20141212-1259.jar:na]
	at org.eclipse.ui.internal.Workbench$5.run(Workbench.java:636) [org.eclipse.ui.workbench_3.106.2.v20150204-1030.jar:na]
	at org.eclipse.core.databinding.observable.Realm.runWithDefault(Realm.java:332) [org.eclipse.core.databinding.observable_1.4.1.v20140210-1835.jar:na]
	at org.eclipse.ui.internal.Workbench.createAndRunWorkbench(Workbench.java:579) [org.eclipse.ui.workbench_3.106.2.v20150204-1030.jar:na]
	at org.eclipse.ui.PlatformUI.createAndRunWorkbench(PlatformUI.java:150) [org.eclipse.ui.workbench_3.106.2.v20150204-1030.jar:na]
	at org.eclipse.ui.internal.ide.application.IDEApplication.start(IDEApplication.java:135) [org.eclipse.ui.ide.application_1.0.501.v20141111-1238.jar:na]
	at org.eclipse.equinox.internal.app.EclipseAppHandle.run(EclipseAppHandle.java:196) [org.eclipse.equinox.app_1.3.200.v20130910-1609.jar:na]
	at org.eclipse.core.runtime.internal.adaptor.EclipseAppLauncher.runApplication(EclipseAppLauncher.java:134) [org.eclipse.osgi_3.10.2.v20150203-1939.jar:na]
	at org.eclipse.core.runtime.internal.adaptor.EclipseAppLauncher.start(EclipseAppLauncher.java:104) [org.eclipse.osgi_3.10.2.v20150203-1939.jar:na]
	at org.eclipse.core.runtime.adaptor.EclipseStarter.run(EclipseStarter.java:380) [org.eclipse.osgi_3.10.2.v20150203-1939.jar:na]
	at org.eclipse.core.runtime.adaptor.EclipseStarter.run(EclipseStarter.java:235) [org.eclipse.osgi_3.10.2.v20150203-1939.jar:na]
	at sun.reflect.NativeMethodAccessorImpl.invoke0(Native Method) ~[na:1.7.0_79]
	at sun.reflect.NativeMethodAccessorImpl.invoke(NativeMethodAccessorImpl.java:57) ~[na:1.7.0_79]
	at sun.reflect.DelegatingMethodAccessorImpl.invoke(DelegatingMethodAccessorImpl.java:43) ~[na:1.7.0_79]
	at java.lang.reflect.Method.invoke(Method.java:606) ~[na:1.7.0_79]
	at org.eclipse.equinox.launcher.Main.invokeFramework(Main.java:648) [org.eclipse.equinox.launcher_1.3.0.v20140415-2008.jar:na]
	at org.eclipse.equinox.launcher.Main.basicRun(Main.java:603) [org.eclipse.equinox.launcher_1.3.0.v20140415-2008.jar:na]
	at org.eclipse.equinox.launcher.Main.run(Main.java:1465) [org.eclipse.equinox.launcher_1.3.0.v20140415-2008.jar:na]
Caused by: java.io.FileNotFoundException: /Users/mumutongxue/Documents/workspace/demo/src/demo/txprnmod.jar (No such file or directory)
	at java.io.FileInputStream.open(Native Method) ~[na:1.7.0_79]
	at java.io.FileInputStream.<init>(FileInputStream.java:146) ~[na:1.7.0_79]
	at org.eclipse.m2e.core.internal.index.nexus.NexusIndexManager.identify(NexusIndexManager.java:1265) ~[na:na]
	at org.eclipse.m2e.core.internal.index.nexus.NexusIndexManager.identify(NexusIndexManager.java:299) ~[na:na]
	... 59 common frames omitted
2016-06-06 10:42:33,741 [main] ERROR o.e.m.j.i.JavaElementsAdapterFactory - Can't find artifact for /Users/mumutongxue/Documents/workspace/demo/src/demo/txprnmod.jar
  <default> (...)
  docs (...)
  docs.api.com (...)
  docs.api.resources (...)
  com.tx (...)
  docs.api.com.tx (...)
  docs.api (...)
  com (...)
org.eclipse.core.runtime.CoreException: Search error
	at org.eclipse.m2e.core.internal.index.nexus.NexusIndexManager.identify(NexusIndexManager.java:302) ~[na:na]
	at org.eclipse.m2e.core.internal.index.nexus.NexusIndex.identify(NexusIndex.java:141) ~[na:na]
	at org.eclipse.m2e.core.internal.index.nexus.CompositeIndex.identifyAll(CompositeIndex.java:67) ~[na:na]
	at org.eclipse.m2e.core.internal.index.nexus.CompositeIndex.identify(CompositeIndex.java:59) ~[na:na]
	at org.eclipse.m2e.jdt.internal.BuildPathManager.findArtifactInIndex(BuildPathManager.java:455) ~[na:na]
	at org.eclipse.m2e.jdt.internal.BuildPathManager.findArtifacts(BuildPathManager.java:399) ~[na:na]
	at org.eclipse.m2e.jdt.internal.BuildPathManager.findArtifact(BuildPathManager.java:417) ~[na:na]
	at org.eclipse.m2e.jdt.internal.JavaElementsAdapterFactory.getAdapter(JavaElementsAdapterFactory.java:58) ~[na:na]
	at org.eclipse.core.internal.adapter.AdapterFactoryProxy.getAdapter(AdapterFactoryProxy.java:82) [org.eclipse.equinox.registry_3.5.400.v20140428-1507.jar:na]
	at org.eclipse.core.internal.runtime.AdapterManager.getAdapter(AdapterManager.java:295) [org.eclipse.equinox.common_3.6.200.v20130402-1505.jar:na]
	at org.eclipse.core.runtime.PlatformObject.getAdapter(PlatformObject.java:66) [org.eclipse.equinox.common_3.6.200.v20130402-1505.jar:na]
	at org.eclipse.m2e.core.ui.internal.actions.SelectionUtil.getType(SelectionUtil.java:151) [org.eclipse.m2e.core.ui_1.5.1.20150109-1820.jar:na]
	at org.eclipse.m2e.core.ui.internal.actions.MavenPropertyTester.test(MavenPropertyTester.java:71) [org.eclipse.m2e.core.ui_1.5.1.20150109-1820.jar:na]
	at org.eclipse.core.internal.expressions.Property.test(Property.java:58) [org.eclipse.core.expressions_3.4.600.v20140128-0851.jar:na]
	at org.eclipse.core.internal.expressions.TestExpression.evaluate(TestExpression.java:99) [org.eclipse.core.expressions_3.4.600.v20140128-0851.jar:na]
	at org.eclipse.core.internal.expressions.CompositeExpression.evaluateAnd(CompositeExpression.java:53) [org.eclipse.core.expressions_3.4.600.v20140128-0851.jar:na]
	at org.eclipse.core.internal.expressions.AndExpression.evaluate(AndExpression.java:29) [org.eclipse.core.expressions_3.4.600.v20140128-0851.jar:na]
	at org.eclipse.core.internal.expressions.CompositeExpression.evaluateAnd(CompositeExpression.java:53) [org.eclipse.core.expressions_3.4.600.v20140128-0851.jar:na]
	at org.eclipse.core.internal.expressions.EnablementExpression.evaluate(EnablementExpression.java:53) [org.eclipse.core.expressions_3.4.600.v20140128-0851.jar:na]
	at org.eclipse.ui.internal.ObjectActionContributor$ObjectContribution.isApplicableTo(ObjectActionContributor.java:384) [org.eclipse.ui.workbench_3.106.2.v20150204-1030.jar:na]
	at org.eclipse.ui.internal.ObjectActionContributor.isApplicableTo(ObjectActionContributor.java:251) [org.eclipse.ui.workbench_3.106.2.v20150204-1030.jar:na]
	at org.eclipse.ui.internal.ObjectContributorManager.isApplicableTo(ObjectContributorManager.java:303) [org.eclipse.ui.workbench_3.106.2.v20150204-1030.jar:na]
	at org.eclipse.ui.internal.ObjectActionContributorManager.contributeObjectActions(ObjectActionContributorManager.java:89) [org.eclipse.ui.workbench_3.106.2.v20150204-1030.jar:na]
	at org.eclipse.ui.internal.PopupMenuExtender.addObjectActions(PopupMenuExtender.java:328) [org.eclipse.ui.workbench_3.106.2.v20150204-1030.jar:na]
	at org.eclipse.ui.internal.PopupMenuExtender.menuAboutToShow(PopupMenuExtender.java:405) [org.eclipse.ui.workbench_3.106.2.v20150204-1030.jar:na]
	at org.eclipse.jface.action.MenuManager.fireAboutToShow(MenuManager.java:352) [org.eclipse.jface_3.10.2.v20141021-1035.jar:na]
	at org.eclipse.jface.action.MenuManager.handleAboutToShow(MenuManager.java:492) [org.eclipse.jface_3.10.2.v20141021-1035.jar:na]
	at org.eclipse.jface.action.MenuManager.access$1(MenuManager.java:487) [org.eclipse.jface_3.10.2.v20141021-1035.jar:na]
	at org.eclipse.jface.action.MenuManager$2.menuShown(MenuManager.java:519) [org.eclipse.jface_3.10.2.v20141021-1035.jar:na]
	at org.eclipse.swt.widgets.TypedListener.handleEvent(TypedListener.java:255) [org.eclipse.swt.cocoa.macosx.x86_64_3.103.2.v20150203-1351.jar:na]
	at org.eclipse.swt.widgets.EventTable.sendEvent(EventTable.java:84) [org.eclipse.swt.cocoa.macosx.x86_64_3.103.2.v20150203-1351.jar:na]
	at org.eclipse.swt.widgets.Display.sendEvent(Display.java:4199) [org.eclipse.swt.cocoa.macosx.x86_64_3.103.2.v20150203-1351.jar:na]
	at org.eclipse.swt.widgets.Widget.sendEvent(Widget.java:1467) [org.eclipse.swt.cocoa.macosx.x86_64_3.103.2.v20150203-1351.jar:na]
	at org.eclipse.swt.widgets.Widget.sendEvent(Widget.java:1490) [org.eclipse.swt.cocoa.macosx.x86_64_3.103.2.v20150203-1351.jar:na]
	at org.eclipse.swt.widgets.Widget.sendEvent(Widget.java:1471) [org.eclipse.swt.cocoa.macosx.x86_64_3.103.2.v20150203-1351.jar:na]
	at org.eclipse.swt.widgets.Menu.menuWillOpen(Menu.java:806) [org.eclipse.swt.cocoa.macosx.x86_64_3.103.2.v20150203-1351.jar:na]
	at org.eclipse.swt.widgets.Display.windowProc(Display.java:5692) [org.eclipse.swt.cocoa.macosx.x86_64_3.103.2.v20150203-1351.jar:na]
	at org.eclipse.swt.internal.cocoa.OS.objc_msgSend(Native Method) [org.eclipse.swt.cocoa.macosx.x86_64_3.103.2.v20150203-1351.jar:na]
	at org.eclipse.swt.internal.cocoa.NSMenu.popUpContextMenu(NSMenu.java:77) [org.eclipse.swt.cocoa.macosx.x86_64_3.103.2.v20150203-1351.jar:na]
	at org.eclipse.swt.widgets.Menu._setVisible(Menu.java:278) [org.eclipse.swt.cocoa.macosx.x86_64_3.103.2.v20150203-1351.jar:na]
	at org.eclipse.swt.widgets.Display.runPopups(Display.java:4119) [org.eclipse.swt.cocoa.macosx.x86_64_3.103.2.v20150203-1351.jar:na]
	at org.eclipse.swt.widgets.Display.readAndDispatch(Display.java:3662) [org.eclipse.swt.cocoa.macosx.x86_64_3.103.2.v20150203-1351.jar:na]
	at org.eclipse.e4.ui.internal.workbench.swt.PartRenderingEngine$9.run(PartRenderingEngine.java:1151) [org.eclipse.e4.ui.workbench.swt_0.12.100.v20141126-1150.jar:na]
	at org.eclipse.core.databinding.observable.Realm.runWithDefault(Realm.java:332) [org.eclipse.core.databinding.observable_1.4.1.v20140210-1835.jar:na]
	at org.eclipse.e4.ui.internal.workbench.swt.PartRenderingEngine.run(PartRenderingEngine.java:1032) [org.eclipse.e4.ui.workbench.swt_0.12.100.v20141126-1150.jar:na]
	at org.eclipse.e4.ui.internal.workbench.E4Workbench.createAndRunUI(E4Workbench.java:148) [org.eclipse.e4.ui.workbench_1.2.2.v20141212-1259.jar:na]
	at org.eclipse.ui.internal.Workbench$5.run(Workbench.java:636) [org.eclipse.ui.workbench_3.106.2.v20150204-1030.jar:na]
	at org.eclipse.core.databinding.observable.Realm.runWithDefault(Realm.java:332) [org.eclipse.core.databinding.observable_1.4.1.v20140210-1835.jar:na]
	at org.eclipse.ui.internal.Workbench.createAndRunWorkbench(Workbench.java:579) [org.eclipse.ui.workbench_3.106.2.v20150204-1030.jar:na]
	at org.eclipse.ui.PlatformUI.createAndRunWorkbench(PlatformUI.java:150) [org.eclipse.ui.workbench_3.106.2.v20150204-1030.jar:na]
	at org.eclipse.ui.internal.ide.application.IDEApplication.start(IDEApplication.java:135) [org.eclipse.ui.ide.application_1.0.501.v20141111-1238.jar:na]
	at org.eclipse.equinox.internal.app.EclipseAppHandle.run(EclipseAppHandle.java:196) [org.eclipse.equinox.app_1.3.200.v20130910-1609.jar:na]
	at org.eclipse.core.runtime.internal.adaptor.EclipseAppLauncher.runApplication(EclipseAppLauncher.java:134) [org.eclipse.osgi_3.10.2.v20150203-1939.jar:na]
	at org.eclipse.core.runtime.internal.adaptor.EclipseAppLauncher.start(EclipseAppLauncher.java:104) [org.eclipse.osgi_3.10.2.v20150203-1939.jar:na]
	at org.eclipse.core.runtime.adaptor.EclipseStarter.run(EclipseStarter.java:380) [org.eclipse.osgi_3.10.2.v20150203-1939.jar:na]
	at org.eclipse.core.runtime.adaptor.EclipseStarter.run(EclipseStarter.java:235) [org.eclipse.osgi_3.10.2.v20150203-1939.jar:na]
	at sun.reflect.NativeMethodAccessorImpl.invoke0(Native Method) ~[na:1.7.0_79]
	at sun.reflect.NativeMethodAccessorImpl.invoke(NativeMethodAccessorImpl.java:57) ~[na:1.7.0_79]
	at sun.reflect.DelegatingMethodAccessorImpl.invoke(DelegatingMethodAccessorImpl.java:43) ~[na:1.7.0_79]
	at java.lang.reflect.Method.invoke(Method.java:606) ~[na:1.7.0_79]
	at org.eclipse.equinox.launcher.Main.invokeFramework(Main.java:648) [org.eclipse.equinox.launcher_1.3.0.v20140415-2008.jar:na]
	at org.eclipse.equinox.launcher.Main.basicRun(Main.java:603) [org.eclipse.equinox.launcher_1.3.0.v20140415-2008.jar:na]
	at org.eclipse.equinox.launcher.Main.run(Main.java:1465) [org.eclipse.equinox.launcher_1.3.0.v20140415-2008.jar:na]
Caused by: java.io.FileNotFoundException: /Users/mumutongxue/Documents/workspace/demo/src/demo/txprnmod.jar (No such file or directory)
	at java.io.FileInputStream.open(Native Method) ~[na:1.7.0_79]
	at java.io.FileInputStream.<init>(FileInputStream.java:146) ~[na:1.7.0_79]
	at org.eclipse.m2e.core.internal.index.nexus.NexusIndexManager.identify(NexusIndexManager.java:1265) ~[na:na]
	at org.eclipse.m2e.core.internal.index.nexus.NexusIndexManager.identify(NexusIndexManager.java:299) ~[na:na]
	... 62 common frames omitted
2016-06-06 10:42:33,744 [main] ERROR o.e.m.j.i.JavaElementsAdapterFactory - Can't find artifact for /Users/mumutongxue/Documents/workspace/demo/src/demo/txprnmod.jar
  <default> (...)
  docs (...)
  docs.api.com (...)
  docs.api.resources (...)
  com.tx (...)
  docs.api.com.tx (...)
  docs.api (...)
  com (...)
org.eclipse.core.runtime.CoreException: Search error
	at org.eclipse.m2e.core.internal.index.nexus.NexusIndexManager.identify(NexusIndexManager.java:302) ~[na:na]
	at org.eclipse.m2e.core.internal.index.nexus.NexusIndex.identify(NexusIndex.java:141) ~[na:na]
	at org.eclipse.m2e.core.internal.index.nexus.CompositeIndex.identifyAll(CompositeIndex.java:67) ~[na:na]
	at org.eclipse.m2e.core.internal.index.nexus.CompositeIndex.identify(CompositeIndex.java:59) ~[na:na]
	at org.eclipse.m2e.jdt.internal.BuildPathManager.findArtifactInIndex(BuildPathManager.java:455) ~[na:na]
	at org.eclipse.m2e.jdt.internal.BuildPathManager.findArtifacts(BuildPathManager.java:399) ~[na:na]
	at org.eclipse.m2e.jdt.internal.BuildPathManager.findArtifact(BuildPathManager.java:417) ~[na:na]
	at org.eclipse.m2e.jdt.internal.JavaElementsAdapterFactory.getAdapter(JavaElementsAdapterFactory.java:58) ~[na:na]
	at org.eclipse.core.internal.adapter.AdapterFactoryProxy.getAdapter(AdapterFactoryProxy.java:82) [org.eclipse.equinox.registry_3.5.400.v20140428-1507.jar:na]
	at org.eclipse.core.internal.runtime.AdapterManager.getAdapter(AdapterManager.java:295) [org.eclipse.equinox.common_3.6.200.v20130402-1505.jar:na]
	at org.eclipse.m2e.core.ui.internal.actions.SelectionUtil.getType(SelectionUtil.java:156) [org.eclipse.m2e.core.ui_1.5.1.20150109-1820.jar:na]
	at org.eclipse.m2e.core.ui.internal.actions.MavenPropertyTester.test(MavenPropertyTester.java:71) [org.eclipse.m2e.core.ui_1.5.1.20150109-1820.jar:na]
	at org.eclipse.core.internal.expressions.Property.test(Property.java:58) [org.eclipse.core.expressions_3.4.600.v20140128-0851.jar:na]
	at org.eclipse.core.internal.expressions.TestExpression.evaluate(TestExpression.java:99) [org.eclipse.core.expressions_3.4.600.v20140128-0851.jar:na]
	at org.eclipse.core.internal.expressions.CompositeExpression.evaluateAnd(CompositeExpression.java:53) [org.eclipse.core.expressions_3.4.600.v20140128-0851.jar:na]
	at org.eclipse.core.internal.expressions.AndExpression.evaluate(AndExpression.java:29) [org.eclipse.core.expressions_3.4.600.v20140128-0851.jar:na]
	at org.eclipse.core.internal.expressions.CompositeExpression.evaluateAnd(CompositeExpression.java:53) [org.eclipse.core.expressions_3.4.600.v20140128-0851.jar:na]
	at org.eclipse.core.internal.expressions.EnablementExpression.evaluate(EnablementExpression.java:53) [org.eclipse.core.expressions_3.4.600.v20140128-0851.jar:na]
	at org.eclipse.ui.internal.ObjectActionContributor$ObjectContribution.isApplicableTo(ObjectActionContributor.java:384) [org.eclipse.ui.workbench_3.106.2.v20150204-1030.jar:na]
	at org.eclipse.ui.internal.ObjectActionContributor.isApplicableTo(ObjectActionContributor.java:251) [org.eclipse.ui.workbench_3.106.2.v20150204-1030.jar:na]
	at org.eclipse.ui.internal.ObjectContributorManager.isApplicableTo(ObjectContributorManager.java:303) [org.eclipse.ui.workbench_3.106.2.v20150204-1030.jar:na]
	at org.eclipse.ui.internal.ObjectActionContributorManager.contributeObjectActions(ObjectActionContributorManager.java:89) [org.eclipse.ui.workbench_3.106.2.v20150204-1030.jar:na]
	at org.eclipse.ui.internal.PopupMenuExtender.addObjectActions(PopupMenuExtender.java:328) [org.eclipse.ui.workbench_3.106.2.v20150204-1030.jar:na]
	at org.eclipse.ui.internal.PopupMenuExtender.menuAboutToShow(PopupMenuExtender.java:405) [org.eclipse.ui.workbench_3.106.2.v20150204-1030.jar:na]
	at org.eclipse.jface.action.MenuManager.fireAboutToShow(MenuManager.java:352) [org.eclipse.jface_3.10.2.v20141021-1035.jar:na]
	at org.eclipse.jface.action.MenuManager.handleAboutToShow(MenuManager.java:492) [org.eclipse.jface_3.10.2.v20141021-1035.jar:na]
	at org.eclipse.jface.action.MenuManager.access$1(MenuManager.java:487) [org.eclipse.jface_3.10.2.v20141021-1035.jar:na]
	at org.eclipse.jface.action.MenuManager$2.menuShown(MenuManager.java:519) [org.eclipse.jface_3.10.2.v20141021-1035.jar:na]
	at org.eclipse.swt.widgets.TypedListener.handleEvent(TypedListener.java:255) [org.eclipse.swt.cocoa.macosx.x86_64_3.103.2.v20150203-1351.jar:na]
	at org.eclipse.swt.widgets.EventTable.sendEvent(EventTable.java:84) [org.eclipse.swt.cocoa.macosx.x86_64_3.103.2.v20150203-1351.jar:na]
	at org.eclipse.swt.widgets.Display.sendEvent(Display.java:4199) [org.eclipse.swt.cocoa.macosx.x86_64_3.103.2.v20150203-1351.jar:na]
	at org.eclipse.swt.widgets.Widget.sendEvent(Widget.java:1467) [org.eclipse.swt.cocoa.macosx.x86_64_3.103.2.v20150203-1351.jar:na]
	at org.eclipse.swt.widgets.Widget.sendEvent(Widget.java:1490) [org.eclipse.swt.cocoa.macosx.x86_64_3.103.2.v20150203-1351.jar:na]
	at org.eclipse.swt.widgets.Widget.sendEvent(Widget.java:1471) [org.eclipse.swt.cocoa.macosx.x86_64_3.103.2.v20150203-1351.jar:na]
	at org.eclipse.swt.widgets.Menu.menuWillOpen(Menu.java:806) [org.eclipse.swt.cocoa.macosx.x86_64_3.103.2.v20150203-1351.jar:na]
	at org.eclipse.swt.widgets.Display.windowProc(Display.java:5692) [org.eclipse.swt.cocoa.macosx.x86_64_3.103.2.v20150203-1351.jar:na]
	at org.eclipse.swt.internal.cocoa.OS.objc_msgSend(Native Method) [org.eclipse.swt.cocoa.macosx.x86_64_3.103.2.v20150203-1351.jar:na]
	at org.eclipse.swt.internal.cocoa.NSMenu.popUpContextMenu(NSMenu.java:77) [org.eclipse.swt.cocoa.macosx.x86_64_3.103.2.v20150203-1351.jar:na]
	at org.eclipse.swt.widgets.Menu._setVisible(Menu.java:278) [org.eclipse.swt.cocoa.macosx.x86_64_3.103.2.v20150203-1351.jar:na]
	at org.eclipse.swt.widgets.Display.runPopups(Display.java:4119) [org.eclipse.swt.cocoa.macosx.x86_64_3.103.2.v20150203-1351.jar:na]
	at org.eclipse.swt.widgets.Display.readAndDispatch(Display.java:3662) [org.eclipse.swt.cocoa.macosx.x86_64_3.103.2.v20150203-1351.jar:na]
	at org.eclipse.e4.ui.internal.workbench.swt.PartRenderingEngine$9.run(PartRenderingEngine.java:1151) [org.eclipse.e4.ui.workbench.swt_0.12.100.v20141126-1150.jar:na]
	at org.eclipse.core.databinding.observable.Realm.runWithDefault(Realm.java:332) [org.eclipse.core.databinding.observable_1.4.1.v20140210-1835.jar:na]
	at org.eclipse.e4.ui.internal.workbench.swt.PartRenderingEngine.run(PartRenderingEngine.java:1032) [org.eclipse.e4.ui.workbench.swt_0.12.100.v20141126-1150.jar:na]
	at org.eclipse.e4.ui.internal.workbench.E4Workbench.createAndRunUI(E4Workbench.java:148) [org.eclipse.e4.ui.workbench_1.2.2.v20141212-1259.jar:na]
	at org.eclipse.ui.internal.Workbench$5.run(Workbench.java:636) [org.eclipse.ui.workbench_3.106.2.v20150204-1030.jar:na]
	at org.eclipse.core.databinding.observable.Realm.runWithDefault(Realm.java:332) [org.eclipse.core.databinding.observable_1.4.1.v20140210-1835.jar:na]
	at org.eclipse.ui.internal.Workbench.createAndRunWorkbench(Workbench.java:579) [org.eclipse.ui.workbench_3.106.2.v20150204-1030.jar:na]
	at org.eclipse.ui.PlatformUI.createAndRunWorkbench(PlatformUI.java:150) [org.eclipse.ui.workbench_3.106.2.v20150204-1030.jar:na]
	at org.eclipse.ui.internal.ide.application.IDEApplication.start(IDEApplication.java:135) [org.eclipse.ui.ide.application_1.0.501.v20141111-1238.jar:na]
	at org.eclipse.equinox.internal.app.EclipseAppHandle.run(EclipseAppHandle.java:196) [org.eclipse.equinox.app_1.3.200.v20130910-1609.jar:na]
	at org.eclipse.core.runtime.internal.adaptor.EclipseAppLauncher.runApplication(EclipseAppLauncher.java:134) [org.eclipse.osgi_3.10.2.v20150203-1939.jar:na]
	at org.eclipse.core.runtime.internal.adaptor.EclipseAppLauncher.start(EclipseAppLauncher.java:104) [org.eclipse.osgi_3.10.2.v20150203-1939.jar:na]
	at org.eclipse.core.runtime.adaptor.EclipseStarter.run(EclipseStarter.java:380) [org.eclipse.osgi_3.10.2.v20150203-1939.jar:na]
	at org.eclipse.core.runtime.adaptor.EclipseStarter.run(EclipseStarter.java:235) [org.eclipse.osgi_3.10.2.v20150203-1939.jar:na]
	at sun.reflect.NativeMethodAccessorImpl.invoke0(Native Method) ~[na:1.7.0_79]
	at sun.reflect.NativeMethodAccessorImpl.invoke(NativeMethodAccessorImpl.java:57) ~[na:1.7.0_79]
	at sun.reflect.DelegatingMethodAccessorImpl.invoke(DelegatingMethodAccessorImpl.java:43) ~[na:1.7.0_79]
	at java.lang.reflect.Method.invoke(Method.java:606) ~[na:1.7.0_79]
	at org.eclipse.equinox.launcher.Main.invokeFramework(Main.java:648) [org.eclipse.equinox.launcher_1.3.0.v20140415-2008.jar:na]
	at org.eclipse.equinox.launcher.Main.basicRun(Main.java:603) [org.eclipse.equinox.launcher_1.3.0.v20140415-2008.jar:na]
	at org.eclipse.equinox.launcher.Main.run(Main.java:1465) [org.eclipse.equinox.launcher_1.3.0.v20140415-2008.jar:na]
Caused by: java.io.FileNotFoundException: /Users/mumutongxue/Documents/workspace/demo/src/demo/txprnmod.jar (No such file or directory)
	at java.io.FileInputStream.open(Native Method) ~[na:1.7.0_79]
	at java.io.FileInputStream.<init>(FileInputStream.java:146) ~[na:1.7.0_79]
	at org.eclipse.m2e.core.internal.index.nexus.NexusIndexManager.identify(NexusIndexManager.java:1265) ~[na:na]
	at org.eclipse.m2e.core.internal.index.nexus.NexusIndexManager.identify(NexusIndexManager.java:299) ~[na:na]
	... 61 common frames omitted
2016-06-08 17:54:43,622 [Start Help Server] INFO  org.eclipse.jetty.server.Server - jetty-8.1.16.v20140903
2016-06-08 17:54:43,659 [Start Help Server] WARN  o.e.j.u.component.AbstractLifeCycle - FAILED org.eclipse.equinox.http.jetty.internal.HttpServerManager$InternalHttpServiceServlet-65e663ef: java.lang.IncompatibleClassChangeError: Class org.eclipse.equinox.http.servlet.HttpServiceServlet does not implement the requested interface javax.servlet.Servlet
java.lang.IncompatibleClassChangeError: Class org.eclipse.equinox.http.servlet.HttpServiceServlet does not implement the requested interface javax.servlet.Servlet
	at org.eclipse.equinox.http.jetty.internal.HttpServerManager$InternalHttpServiceServlet.init(HttpServerManager.java:337) ~[org.eclipse.equinox.http.jetty_3.0.200.v20131021-1843.jar:na]
	at org.eclipse.jetty.servlet.ServletHolder.initServlet(ServletHolder.java:532) ~[org.eclipse.jetty.servlet_8.1.16.v20140903.jar:8.1.16.v20140903]
	at org.eclipse.jetty.servlet.ServletHolder.doStart(ServletHolder.java:344) ~[org.eclipse.jetty.servlet_8.1.16.v20140903.jar:8.1.16.v20140903]
	at org.eclipse.jetty.util.component.AbstractLifeCycle.start(AbstractLifeCycle.java:64) [org.eclipse.jetty.util_8.1.16.v20140903.jar:8.1.16.v20140903]
	at org.eclipse.jetty.servlet.ServletHandler.initialize(ServletHandler.java:791) [org.eclipse.jetty.servlet_8.1.16.v20140903.jar:8.1.16.v20140903]
	at org.eclipse.jetty.servlet.ServletContextHandler.startContext(ServletContextHandler.java:265) [org.eclipse.jetty.servlet_8.1.16.v20140903.jar:8.1.16.v20140903]
	at org.eclipse.jetty.server.handler.ContextHandler.doStart(ContextHandler.java:717) [org.eclipse.jetty.server_8.1.16.v20140903.jar:8.1.16.v20140903]
	at org.eclipse.jetty.util.component.AbstractLifeCycle.start(AbstractLifeCycle.java:64) [org.eclipse.jetty.util_8.1.16.v20140903.jar:8.1.16.v20140903]
	at org.eclipse.jetty.server.handler.HandlerWrapper.doStart(HandlerWrapper.java:95) [org.eclipse.jetty.server_8.1.16.v20140903.jar:8.1.16.v20140903]
	at org.eclipse.jetty.server.Server.doStart(Server.java:282) [org.eclipse.jetty.server_8.1.16.v20140903.jar:8.1.16.v20140903]
	at org.eclipse.jetty.util.component.AbstractLifeCycle.start(AbstractLifeCycle.java:64) [org.eclipse.jetty.util_8.1.16.v20140903.jar:8.1.16.v20140903]
	at org.eclipse.equinox.http.jetty.internal.HttpServerManager.updated(HttpServerManager.java:112) [org.eclipse.equinox.http.jetty_3.0.200.v20131021-1843.jar:na]
	at org.eclipse.equinox.http.jetty.internal.Activator.startServer(Activator.java:225) [org.eclipse.equinox.http.jetty_3.0.200.v20131021-1843.jar:na]
	at org.eclipse.equinox.http.jetty.JettyConfigurator.startServer(JettyConfigurator.java:45) [org.eclipse.equinox.http.jetty_3.0.200.v20131021-1843.jar:na]
	at org.eclipse.help.internal.server.JettyHelpServer$StartServerThread.run(JettyHelpServer.java:78) [org.eclipse.help.base_4.0.201.v20150204-1700.jar:na]
2016-06-08 17:54:43,678 [Start Help Server] WARN  o.e.j.u.component.AbstractLifeCycle - FAILED o.e.j.s.ServletContextHandler{/help,null}: java.lang.IncompatibleClassChangeError: Class org.eclipse.equinox.http.servlet.HttpServiceServlet does not implement the requested interface javax.servlet.Servlet
java.lang.IncompatibleClassChangeError: Class org.eclipse.equinox.http.servlet.HttpServiceServlet does not implement the requested interface javax.servlet.Servlet
	at org.eclipse.equinox.http.jetty.internal.HttpServerManager$InternalHttpServiceServlet.init(HttpServerManager.java:337) ~[na:na]
	at org.eclipse.jetty.servlet.ServletHolder.initServlet(ServletHolder.java:532) ~[na:na]
	at org.eclipse.jetty.servlet.ServletHolder.doStart(ServletHolder.java:344) ~[na:na]
	at org.eclipse.jetty.util.component.AbstractLifeCycle.start(AbstractLifeCycle.java:64) [org.eclipse.jetty.util_8.1.16.v20140903.jar:8.1.16.v20140903]
	at org.eclipse.jetty.servlet.ServletHandler.initialize(ServletHandler.java:791) ~[na:na]
	at org.eclipse.jetty.servlet.ServletContextHandler.startContext(ServletContextHandler.java:265) ~[na:na]
	at org.eclipse.jetty.server.handler.ContextHandler.doStart(ContextHandler.java:717) ~[org.eclipse.jetty.server_8.1.16.v20140903.jar:8.1.16.v20140903]
	at org.eclipse.jetty.util.component.AbstractLifeCycle.start(AbstractLifeCycle.java:64) [org.eclipse.jetty.util_8.1.16.v20140903.jar:8.1.16.v20140903]
	at org.eclipse.jetty.server.handler.HandlerWrapper.doStart(HandlerWrapper.java:95) [org.eclipse.jetty.server_8.1.16.v20140903.jar:8.1.16.v20140903]
	at org.eclipse.jetty.server.Server.doStart(Server.java:282) [org.eclipse.jetty.server_8.1.16.v20140903.jar:8.1.16.v20140903]
	at org.eclipse.jetty.util.component.AbstractLifeCycle.start(AbstractLifeCycle.java:64) [org.eclipse.jetty.util_8.1.16.v20140903.jar:8.1.16.v20140903]
	at org.eclipse.equinox.http.jetty.internal.HttpServerManager.updated(HttpServerManager.java:112) [org.eclipse.equinox.http.jetty_3.0.200.v20131021-1843.jar:na]
	at org.eclipse.equinox.http.jetty.internal.Activator.startServer(Activator.java:225) [org.eclipse.equinox.http.jetty_3.0.200.v20131021-1843.jar:na]
	at org.eclipse.equinox.http.jetty.JettyConfigurator.startServer(JettyConfigurator.java:45) [org.eclipse.equinox.http.jetty_3.0.200.v20131021-1843.jar:na]
	at org.eclipse.help.internal.server.JettyHelpServer$StartServerThread.run(JettyHelpServer.java:78) [org.eclipse.help.base_4.0.201.v20150204-1700.jar:na]
2016-06-08 17:54:43,679 [Start Help Server] WARN  o.e.j.u.component.AbstractLifeCycle - FAILED org.eclipse.jetty.server.Server@2c344ef6: java.lang.IncompatibleClassChangeError: Class org.eclipse.equinox.http.servlet.HttpServiceServlet does not implement the requested interface javax.servlet.Servlet
java.lang.IncompatibleClassChangeError: Class org.eclipse.equinox.http.servlet.HttpServiceServlet does not implement the requested interface javax.servlet.Servlet
	at org.eclipse.equinox.http.jetty.internal.HttpServerManager$InternalHttpServiceServlet.init(HttpServerManager.java:337) ~[org.eclipse.equinox.http.jetty_3.0.200.v20131021-1843.jar:na]
	at org.eclipse.jetty.servlet.ServletHolder.initServlet(ServletHolder.java:532) ~[org.eclipse.jetty.servlet_8.1.16.v20140903.jar:8.1.16.v20140903]
	at org.eclipse.jetty.servlet.ServletHolder.doStart(ServletHolder.java:344) ~[org.eclipse.jetty.servlet_8.1.16.v20140903.jar:8.1.16.v20140903]
	at org.eclipse.jetty.util.component.AbstractLifeCycle.start(AbstractLifeCycle.java:64) ~[org.eclipse.jetty.util_8.1.16.v20140903.jar:8.1.16.v20140903]
	at org.eclipse.jetty.servlet.ServletHandler.initialize(ServletHandler.java:791) ~[org.eclipse.jetty.servlet_8.1.16.v20140903.jar:8.1.16.v20140903]
	at org.eclipse.jetty.servlet.ServletContextHandler.startContext(ServletContextHandler.java:265) ~[org.eclipse.jetty.servlet_8.1.16.v20140903.jar:8.1.16.v20140903]
	at org.eclipse.jetty.server.handler.ContextHandler.doStart(ContextHandler.java:717) ~[org.eclipse.jetty.server_8.1.16.v20140903.jar:8.1.16.v20140903]
	at org.eclipse.jetty.util.component.AbstractLifeCycle.start(AbstractLifeCycle.java:64) ~[org.eclipse.jetty.util_8.1.16.v20140903.jar:8.1.16.v20140903]
	at org.eclipse.jetty.server.handler.HandlerWrapper.doStart(HandlerWrapper.java:95) ~[org.eclipse.jetty.server_8.1.16.v20140903.jar:8.1.16.v20140903]
	at org.eclipse.jetty.server.Server.doStart(Server.java:282) ~[org.eclipse.jetty.server_8.1.16.v20140903.jar:8.1.16.v20140903]
	at org.eclipse.jetty.util.component.AbstractLifeCycle.start(AbstractLifeCycle.java:64) ~[org.eclipse.jetty.util_8.1.16.v20140903.jar:8.1.16.v20140903]
	at org.eclipse.equinox.http.jetty.internal.HttpServerManager.updated(HttpServerManager.java:112) [org.eclipse.equinox.http.jetty_3.0.200.v20131021-1843.jar:na]
	at org.eclipse.equinox.http.jetty.internal.Activator.startServer(Activator.java:225) [org.eclipse.equinox.http.jetty_3.0.200.v20131021-1843.jar:na]
	at org.eclipse.equinox.http.jetty.JettyConfigurator.startServer(JettyConfigurator.java:45) [org.eclipse.equinox.http.jetty_3.0.200.v20131021-1843.jar:na]
	at org.eclipse.help.internal.server.JettyHelpServer$StartServerThread.run(JettyHelpServer.java:78) [org.eclipse.help.base_4.0.201.v20150204-1700.jar:na]
2016-06-09 01:16:11,343 [Worker-2] ERROR o.e.m.c.i.p.r.ProjectRegistryReader - Can't read workspace state
java.io.InvalidClassException: org.eclipse.m2e.core.internal.project.registry.BasicProjectRegistry; local class incompatible: stream classdesc serialVersionUID = 5542512601401896748, local class serialVersionUID = 6232274446642339434
	at java.io.ObjectStreamClass.initNonProxy(ObjectStreamClass.java:617) ~[na:1.7.0_79]
	at java.io.ObjectInputStream.readNonProxyDesc(ObjectInputStream.java:1622) ~[na:1.7.0_79]
	at java.io.ObjectInputStream.readClassDesc(ObjectInputStream.java:1517) ~[na:1.7.0_79]
	at java.io.ObjectInputStream.readNonProxyDesc(ObjectInputStream.java:1622) ~[na:1.7.0_79]
	at java.io.ObjectInputStream.readClassDesc(ObjectInputStream.java:1517) ~[na:1.7.0_79]
	at java.io.ObjectInputStream.readOrdinaryObject(ObjectInputStream.java:1771) ~[na:1.7.0_79]
	at java.io.ObjectInputStream.readObject0(ObjectInputStream.java:1350) ~[na:1.7.0_79]
	at java.io.ObjectInputStream.readObject(ObjectInputStream.java:370) ~[na:1.7.0_79]
	at org.eclipse.m2e.core.internal.project.registry.ProjectRegistryReader.readWorkspaceState(ProjectRegistryReader.java:100) ~[org.eclipse.m2e.core_1.6.2.20150902-0002.jar:na]
	at org.eclipse.m2e.core.internal.project.registry.ProjectRegistryManager.<init>(ProjectRegistryManager.java:163) [org.eclipse.m2e.core_1.6.2.20150902-0002.jar:na]
	at org.eclipse.m2e.core.internal.MavenPluginActivator.start(MavenPluginActivator.java:211) [org.eclipse.m2e.core_1.6.2.20150902-0002.jar:na]
	at org.eclipse.osgi.internal.framework.BundleContextImpl$3.run(BundleContextImpl.java:771) [org.eclipse.osgi_3.10.102.v20160118-1700.jar:na]
	at org.eclipse.osgi.internal.framework.BundleContextImpl$3.run(BundleContextImpl.java:1) [org.eclipse.osgi_3.10.102.v20160118-1700.jar:na]
	at java.security.AccessController.doPrivileged(Native Method) [na:1.7.0_79]
	at org.eclipse.osgi.internal.framework.BundleContextImpl.startActivator(BundleContextImpl.java:764) [org.eclipse.osgi_3.10.102.v20160118-1700.jar:na]
	at org.eclipse.osgi.internal.framework.BundleContextImpl.start(BundleContextImpl.java:721) [org.eclipse.osgi_3.10.102.v20160118-1700.jar:na]
	at org.eclipse.osgi.internal.framework.EquinoxBundle.startWorker0(EquinoxBundle.java:941) [org.eclipse.osgi_3.10.102.v20160118-1700.jar:na]
	at org.eclipse.osgi.internal.framework.EquinoxBundle$EquinoxModule.startWorker(EquinoxBundle.java:318) [org.eclipse.osgi_3.10.102.v20160118-1700.jar:na]
	at org.eclipse.osgi.container.Module.doStart(Module.java:571) [org.eclipse.osgi_3.10.102.v20160118-1700.jar:na]
	at org.eclipse.osgi.container.Module.start(Module.java:439) [org.eclipse.osgi_3.10.102.v20160118-1700.jar:na]
	at org.eclipse.osgi.framework.util.SecureAction.start(SecureAction.java:454) [org.eclipse.osgi_3.10.102.v20160118-1700.jar:na]
	at org.eclipse.osgi.internal.hooks.EclipseLazyStarter.postFindLocalClass(EclipseLazyStarter.java:107) [org.eclipse.osgi_3.10.102.v20160118-1700.jar:na]
	at org.eclipse.osgi.internal.loader.classpath.ClasspathManager.findLocalClass(ClasspathManager.java:531) [org.eclipse.osgi_3.10.102.v20160118-1700.jar:na]
	at org.eclipse.osgi.internal.loader.ModuleClassLoader.findLocalClass(ModuleClassLoader.java:324) [org.eclipse.osgi_3.10.102.v20160118-1700.jar:na]
	at org.eclipse.osgi.internal.loader.BundleLoader.findLocalClass(BundleLoader.java:327) [org.eclipse.osgi_3.10.102.v20160118-1700.jar:na]
	at org.eclipse.osgi.internal.loader.sources.SingleSourcePackage.loadClass(SingleSourcePackage.java:36) [org.eclipse.osgi_3.10.102.v20160118-1700.jar:na]
	at org.eclipse.osgi.internal.loader.BundleLoader.findClassInternal(BundleLoader.java:398) [org.eclipse.osgi_3.10.102.v20160118-1700.jar:na]
	at org.eclipse.osgi.internal.loader.BundleLoader.findClass(BundleLoader.java:352) [org.eclipse.osgi_3.10.102.v20160118-1700.jar:na]
	at org.eclipse.osgi.internal.loader.BundleLoader.findClass(BundleLoader.java:344) [org.eclipse.osgi_3.10.102.v20160118-1700.jar:na]
	at org.eclipse.osgi.internal.loader.ModuleClassLoader.loadClass(ModuleClassLoader.java:160) [org.eclipse.osgi_3.10.102.v20160118-1700.jar:na]
	at java.lang.ClassLoader.loadClass(ClassLoader.java:358) [na:1.7.0_79]
	at java.lang.Class.getDeclaredConstructors0(Native Method) [na:1.7.0_79]
	at java.lang.Class.privateGetDeclaredConstructors(Class.java:2585) [na:1.7.0_79]
	at java.lang.Class.getConstructor0(Class.java:2885) [na:1.7.0_79]
	at java.lang.Class.newInstance(Class.java:350) [na:1.7.0_79]
	at org.eclipse.osgi.internal.framework.BundleContextImpl.loadBundleActivator(BundleContextImpl.java:755) [org.eclipse.osgi_3.10.102.v20160118-1700.jar:na]
	at org.eclipse.osgi.internal.framework.BundleContextImpl.start(BundleContextImpl.java:706) [org.eclipse.osgi_3.10.102.v20160118-1700.jar:na]
	at org.eclipse.osgi.internal.framework.EquinoxBundle.startWorker0(EquinoxBundle.java:941) [org.eclipse.osgi_3.10.102.v20160118-1700.jar:na]
	at org.eclipse.osgi.internal.framework.EquinoxBundle$EquinoxModule.startWorker(EquinoxBundle.java:318) [org.eclipse.osgi_3.10.102.v20160118-1700.jar:na]
	at org.eclipse.osgi.container.Module.doStart(Module.java:571) [org.eclipse.osgi_3.10.102.v20160118-1700.jar:na]
	at org.eclipse.osgi.container.Module.start(Module.java:439) [org.eclipse.osgi_3.10.102.v20160118-1700.jar:na]
	at org.eclipse.osgi.framework.util.SecureAction.start(SecureAction.java:454) [org.eclipse.osgi_3.10.102.v20160118-1700.jar:na]
	at org.eclipse.osgi.internal.hooks.EclipseLazyStarter.postFindLocalClass(EclipseLazyStarter.java:107) [org.eclipse.osgi_3.10.102.v20160118-1700.jar:na]
	at org.eclipse.osgi.internal.loader.classpath.ClasspathManager.findLocalClass(ClasspathManager.java:531) [org.eclipse.osgi_3.10.102.v20160118-1700.jar:na]
	at org.eclipse.osgi.internal.loader.ModuleClassLoader.findLocalClass(ModuleClassLoader.java:324) [org.eclipse.osgi_3.10.102.v20160118-1700.jar:na]
	at org.eclipse.osgi.internal.loader.BundleLoader.findLocalClass(BundleLoader.java:327) [org.eclipse.osgi_3.10.102.v20160118-1700.jar:na]
	at org.eclipse.osgi.internal.loader.BundleLoader.findClassInternal(BundleLoader.java:402) [org.eclipse.osgi_3.10.102.v20160118-1700.jar:na]
	at org.eclipse.osgi.internal.loader.BundleLoader.findClass(BundleLoader.java:352) [org.eclipse.osgi_3.10.102.v20160118-1700.jar:na]
	at org.eclipse.osgi.internal.loader.BundleLoader.findClass(BundleLoader.java:344) [org.eclipse.osgi_3.10.102.v20160118-1700.jar:na]
	at org.eclipse.osgi.internal.loader.ModuleClassLoader.loadClass(ModuleClassLoader.java:160) [org.eclipse.osgi_3.10.102.v20160118-1700.jar:na]
	at java.lang.ClassLoader.loadClass(ClassLoader.java:358) [na:1.7.0_79]
	at org.eclipse.osgi.internal.framework.EquinoxBundle.loadClass(EquinoxBundle.java:573) [org.eclipse.osgi_3.10.102.v20160118-1700.jar:na]
	at org.eclipse.core.internal.registry.osgi.RegistryStrategyOSGI.createExecutableExtension(RegistryStrategyOSGI.java:174) [org.eclipse.equinox.registry_3.6.0.v20150318-1503.jar:na]
	at org.eclipse.core.internal.registry.ExtensionRegistry.createExecutableExtension(ExtensionRegistry.java:905) [org.eclipse.equinox.registry_3.6.0.v20150318-1503.jar:na]
	at org.eclipse.core.internal.registry.ConfigurationElement.createExecutableExtension(ConfigurationElement.java:243) [org.eclipse.equinox.registry_3.6.0.v20150318-1503.jar:na]
	at org.eclipse.core.internal.registry.ConfigurationElementHandle.createExecutableExtension(ConfigurationElementHandle.java:55) [org.eclipse.equinox.registry_3.6.0.v20150318-1503.jar:na]
	at org.eclipse.jdt.core.JavaCore.getClasspathVariableInitializer(JavaCore.java:3549) [org.eclipse.jdt.core_3.11.2.v20160128-0629.jar:na]
	at org.eclipse.jdt.core.JavaCore.getClasspathVariable(JavaCore.java:3412) [org.eclipse.jdt.core_3.11.2.v20160128-0629.jar:na]
	at org.springframework.ide.eclipse.internal.uaa.monitor.LibraryUsageMonitor.readPackageFragmentRoot(LibraryUsageMonitor.java:356) [org.springframework.ide.eclipse.uaa_2.9.2.201205070117-RELEASE.jar:na]
	at org.springframework.ide.eclipse.internal.uaa.monitor.LibraryUsageMonitor.projectClasspathChanged(LibraryUsageMonitor.java:171) [org.springframework.ide.eclipse.uaa_2.9.2.201205070117-RELEASE.jar:na]
	at org.springframework.ide.eclipse.internal.uaa.monitor.LibraryUsageMonitor.access$0(LibraryUsageMonitor.java:164) [org.springframework.ide.eclipse.uaa_2.9.2.201205070117-RELEASE.jar:na]
	at org.springframework.ide.eclipse.internal.uaa.monitor.LibraryUsageMonitor$2.run(LibraryUsageMonitor.java:121) [org.springframework.ide.eclipse.uaa_2.9.2.201205070117-RELEASE.jar:na]
	at org.eclipse.core.internal.jobs.Worker.run(Worker.java:55) [org.eclipse.core.jobs_3.7.0.v20150330-2103.jar:na]
